Should have 3 frames in 1 block
Reading now


 ON NEWFRAME----------------------------#
got firstline ['i', '=', '0,', 'time', '=', '0.000,', 'E', '=', '-3625.8088098251']
blocksize:  3
block size:  1
blocks sizes:  [1]
Reading now


 ON NEWFRAME----------------------------#
got firstline ['i', '=', '1,', 'time', '=', '1.000,', 'E', '=', '-3625.8274467987']
blocksize:  3
block size:  2
blocks sizes:  [2, 2]
Reading now


 ON NEWFRAME----------------------------#
got firstline ['i', '=', '2,', 'time', '=', '2.000,', 'E', '=', '-3625.8762916211']
blocksize:  3
block size:  3
blocks sizes:  [3, 3, 3]
Giving up from blocksize match
Got block 3
Should have 3 frames in 1 block then 2 frames in 1 block
Reading now


 ON NEWFRAME----------------------------#
got firstline ['i', '=', '0,', 'time', '=', '0.000,', 'E', '=', '-3625.8088098251']
blocksize:  5
block size:  1
blocks sizes:  [1]
Reading now


 ON NEWFRAME----------------------------#
got firstline ['i', '=', '1,', 'time', '=', '1.000,', 'E', '=', '-3625.8274467987']
blocksize:  5
block size:  2
blocks sizes:  [2, 2]
Reading now


 ON NEWFRAME----------------------------#
got firstline ['i', '=', '2,', 'time', '=', '2.000,', 'E', '=', '-3625.8762916211']
blocksize:  5
block size:  3
blocks sizes:  [3, 3, 3]
Reading now


 ON NEWFRAME----------------------------#
got firstline ['i', '=', '3,', 'time', '=', '3.000,', 'E', '=', '-3625.8676434529']
blocksize:  5
block size:  4
blocks sizes:  [4, 4, 4, 4]
Reading now


 ON NEWFRAME----------------------------#
got firstline ['i', '=', '4,', 'time', '=', '4.000,', 'E', '=', '-3625.7809447426']
blocksize:  5
block size:  5
blocks sizes:  [5, 5, 5, 5, 5]
Giving up from blocksize match
Got block 5
Should have 3 frames in 1 block
Reading now


 ON NEWFRAME----------------------------#
got firstline ['i', '=', '0,', 'time', '=', '0.000,', 'E', '=', '-3625.8088098251']
blocksize:  3
block size:  1
blocks sizes:  [1]
Reading now


 ON NEWFRAME----------------------------#
got firstline ['i', '=', '1,', 'time', '=', '1.000,', 'E', '=', '-3625.8274467987']
blocksize:  3
block size:  2
blocks sizes:  [2, 2]
Reading now


 ON NEWFRAME----------------------------#
got firstline ['i', '=', '2,', 'time', '=', '2.000,', 'E', '=', '-3625.8762916211']
blocksize:  3
block size:  3
blocks sizes:  [3, 3, 3]
Giving up from blocksize match
Got block 3
Should have 3 frames in each of 3 blocks
Reading now


 ON NEWFRAME----------------------------#
got firstline ['i', '=', '0,', 'time', '=', '0.000,', 'E', '=', '-3625.8088098251']
blocksize:  9
block size:  1
blocks sizes:  [1]
Reading now


 ON NEWFRAME----------------------------#
got firstline ['i', '=', '1,', 'time', '=', '1.000,', 'E', '=', '-3625.8274467987']
blocksize:  9
block size:  2
blocks sizes:  [2, 2]
Reading now


 ON NEWFRAME----------------------------#
got firstline ['i', '=', '2,', 'time', '=', '2.000,', 'E', '=', '-3625.8762916211']
blocksize:  9
block size:  3
blocks sizes:  [3, 3, 3]
Reading now


 ON NEWFRAME----------------------------#
got firstline ['i', '=', '3,', 'time', '=', '3.000,', 'E', '=', '-3625.8676434529']
blocksize:  9
block size:  4
blocks sizes:  [4, 4, 4, 4]
Reading now


 ON NEWFRAME----------------------------#
got firstline ['i', '=', '4,', 'time', '=', '4.000,', 'E', '=', '-3625.7809447426']
blocksize:  9
block size:  5
blocks sizes:  [5, 5, 5, 5, 5]
Reading now


 ON NEWFRAME----------------------------#
got firstline ['i', '=', '5,', 'time', '=', '5.000,', 'E', '=', '-3625.7433386338']
blocksize:  9
block size:  6
blocks sizes:  [6, 6, 6, 6, 6, 6]
Reading now


 ON NEWFRAME----------------------------#
got firstline ['i', '=', '6,', 'time', '=', '6.000,', 'E', '=', '-3625.8185477173']
blocksize:  9
block size:  7
blocks sizes:  [7, 7, 7, 7, 7, 7, 7]
Reading now


 ON NEWFRAME----------------------------#
got firstline ['i', '=', '7,', 'time', '=', '7.000,', 'E', '=', '-3625.9369844198']
blocksize:  9
block size:  8
blocks sizes:  [8, 8, 8, 8, 8, 8, 8, 8]
Reading now


 ON NEWFRAME----------------------------#
got firstline ['i', '=', '8,', 'time', '=', '8.000,', 'E', '=', '-3626.0130834686']
blocksize:  9
block size:  9
blocks sizes:  [9, 9, 9, 9, 9, 9, 9, 9, 9]
Giving up from blocksize match
Got block 9
